Jan 30 21:08:54 Installed: mailx-12.5-19.el7.x86_64
Jan 30 21:08:54 Installed: libreport-filesystem-2.1.11-42.el7.centos.x86_64
Jan 30 21:08:54 Installed: mdadm-4.1-rc1_2.el7.x86_64
Jan 30 21:08:54 Installed: 1:smartmontools-6.5-1.el7.x86_64
Jan 30 21:08:54 Installed: hdparm-9.43-5.el7.x86_64
Jan 30 21:08:54 Installed: gdisk-0.8.10-2.el7.x86_64
Jan 30 21:13:26 Installed: wget-1.14-18.el7.x86_64
Jan 30 21:14:04 Installed: 1:perl-parent-0.225-244.el7.noarch
Jan 30 21:14:04 Installed: perl-HTTP-Tiny-0.033-3.el7.noarch
Jan 30 21:14:04 Installed: perl-podlators-2.5.1-3.el7.noarch
Jan 30 21:14:04 Installed: perl-Pod-Perldoc-3.20-4.el7.noarch
Jan 30 21:14:04 Installed: 1:perl-Pod-Escapes-1.04-294.el7_6.noarch
Jan 30 21:14:04 Installed: perl-Encode-2.51-7.el7.x86_64
Jan 30 21:14:04 Installed: perl-Text-ParseWords-3.29-4.el7.noarch
Jan 30 21:14:04 Installed: perl-Pod-Usage-1.63-3.el7.noarch
Jan 30 21:14:04 Installed: 4:perl-macros-5.16.3-294.el7_6.x86_64
Jan 30 21:14:04 Installed: perl-Storable-2.45-3.el7.x86_64
Jan 30 21:14:04 Installed: perl-Exporter-5.68-3.el7.noarch
Jan 30 21:14:04 Installed: perl-constant-1.27-2.el7.noarch
Jan 30 21:14:04 Installed: perl-Time-Local-1.2300-2.el7.noarch
Jan 30 21:14:04 Installed: perl-Socket-2.010-4.el7.x86_64
Jan 30 21:14:04 Installed: perl-Carp-1.26-244.el7.noarch
Jan 30 21:14:04 Installed: 4:perl-Time-HiRes-1.9725-3.el7.x86_64
Jan 30 21:14:05 Installed: perl-PathTools-3.40-5.el7.x86_64
Jan 30 21:14:05 Installed: perl-Scalar-List-Utils-1.27-248.el7.x86_64
Jan 30 21:14:05 Installed: 1:perl-Pod-Simple-3.28-4.el7.noarch
Jan 30 21:14:05 Installed: perl-File-Temp-0.23.01-3.el7.noarch
Jan 30 21:14:05 Installed: perl-File-Path-2.09-2.el7.noarch
Jan 30 21:14:05 Installed: perl-threads-shared-1.43-6.el7.x86_64
Jan 30 21:14:05 Installed: perl-threads-1.87-4.el7.x86_64
Jan 30 21:14:05 Installed: perl-Filter-1.49-3.el7.x86_64
Jan 30 21:14:06 Installed: 4:perl-libs-5.16.3-293.el7.x86_64
Jan 30 21:14:06 Installed: perl-Getopt-Long-2.40-3.el7.noarch
Jan 30 21:14:09 Installed: 4:perl-5.16.3-293.el7.x86_64
Jan 30 21:14:18 Installed: bc-1.06.95-13.el7.x86_64
Jan 30 21:15:28 Updated: 4:perl-libs-5.16.3-294.el7_6.x86_64
Jan 30 21:15:31 Updated: 4:perl-5.16.3-294.el7_6.x86_64
Jan 30 21:15:32 Updated: systemd-libs-219-62.el7_6.2.x86_64
Jan 30 21:15:34 Updated: systemd-219-62.el7_6.2.x86_64
Jan 30 21:15:34 Updated: systemd-sysv-219-62.el7_6.2.x86_64
Jan 30 21:15:36 Updated: tzdata-2018i-1.el7.noarch
Jan 30 21:16:11 Installed: mpfr-3.1.1-4.el7.x86_64
Jan 30 21:16:11 Installed: libmpc-1.0.1-3.el7.x86_64
Jan 30 21:16:12 Installed: cpp-4.8.5-36.el7.x86_64
Jan 30 21:16:13 Installed: kernel-headers-3.10.0-957.1.3.el7.x86_64
Jan 30 21:16:14 Installed: glibc-headers-2.17-260.el7.x86_64
Jan 30 21:16:14 Installed: glibc-devel-2.17-260.el7.x86_64
Jan 30 21:16:16 Installed: gcc-4.8.5-36.el7.x86_64